<?xml version="1.0" encoding="UTF-8"?>
<testsuite name="Certification" tests="1" skipped="0" failures="1" errors="0" timestamp="2023-08-14T03:14:32" hostname="QV-3978" time="136.18">
  <properties/>
  <testcase name="Login Bancolombia" classname="Certification" time="136.18">
    <failure message="java.lang.AssertionError: Expected enabled element was not clickable" type="java.lang.AssertionError">java.lang.AssertionError: Expected enabled element was not clickable
	at net.serenitybdd.screenplay.ErrorTally.throwSummaryExceptionFrom(ErrorTally.java:36)
	at net.serenitybdd.screenplay.ErrorTally.reportAnyErrors(ErrorTally.java:30)
	at net.serenitybdd.screenplay.Actor.should(Actor.java:301)
	at net.serenitybdd.screenplay.waits.WaitUntilBuilder$1.performAs(WaitUntilBuilder.java:29)
	at net.serenitybdd.screenplay.Actor.performTask(Actor.java:233)
	at net.serenitybdd.screenplay.Actor.perform(Actor.java:214)
	at net.serenitybdd.screenplay.Actor.performSilently(Actor.java:194)
	at net.serenitybdd.screenplay.Actor.attemptsTo(Actor.java:167)
	at co.com.bancolombia.certification.tasks.HomePageTask.performAs(HomePageTask.java:34)
	at co.com.bancolombia.certification.tasks.HomePageTask$$EnhancerByCGLIB$$62227a17.CGLIB$performAs$0(&lt;generated&gt;)
	at co.com.bancolombia.certification.tasks.HomePageTask$$EnhancerByCGLIB$$62227a17$$FastClassByCGLIB$$406931b9.invoke(&lt;generated&gt;)
	at net.sf.cglib.proxy.MethodProxy.invokeSuper(MethodProxy.java:228)
	at net.thucydides.core.steps.StepInterceptor.invokeMethod(StepInterceptor.java:460)
	at net.thucydides.core.steps.StepInterceptor.executeTestStepMethod(StepInterceptor.java:445)
	at net.thucydides.core.steps.StepInterceptor.runTestStep(StepInterceptor.java:420)
	at net.thucydides.core.steps.StepInterceptor.runOrSkipMethod(StepInterceptor.java:175)
	at net.thucydides.core.steps.StepInterceptor.testStepResult(StepInterceptor.java:162)
	at net.thucydides.core.steps.StepInterceptor.intercept(StepInterceptor.java:68)
	at co.com.bancolombia.certification.tasks.HomePageTask$$EnhancerByCGLIB$$62227a17.performAs(&lt;generated&gt;)
	at net.serenitybdd.screenplay.Actor.performTask(Actor.java:233)
	at net.serenitybdd.screenplay.Actor.perform(Actor.java:214)
	at net.serenitybdd.screenplay.Actor.attemptsTo(Actor.java:171)
	at co.com.bancolombia.certification.stepsdefinitions.HomeStepDefinition.weFillInTheTestPlanFields(HomeStepDefinition.java:50)
	at ✽.we fill in the test plan fields(src/test/resources/features/home_bancolombia.feature:12)
</failure>
  </testcase>
  <system-out><![CDATA[]]></system-out>
  <system-err><![CDATA[Aug 13, 2023 10:14:33 PM org.openqa.selenium.remote.DesiredCapabilities chrome
INFO: Using `new ChromeOptions()` is preferred to `DesiredCapabilities.chrome()`
[Test worker] INFO net.serenitybdd.core.webdriver.driverproviders.ProvideNewDriver - Instantiating driver
[Test worker] INFO net.serenitybdd.core.webdriver.driverproviders.ProvideNewDriver - Driver capabilities: Capabilities {acceptInsecureCerts: false, browserName: chrome, chrome.switches: --lang=es,--disabel-popup-b..., goog:chromeOptions: {args: [--lang=es, --disabel-popup-blocking, --disable.download-notifica..., --start-maximized, --test-type, --disable-extension, --force-device-scale-factor...], extensions: []}, loggingPrefs: org.openqa.selenium.logging..., platform: ANY, version: }
Starting ChromeDriver 115.0.5790.170 (cc0d30c2ca5577520c8646671513241faa0bc105-refs/branch-heads/5790@{#1923}) on port 35744
Only local connections are allowed.
Please see https://chromedriver.chromium.org/security-considerations for suggestions on keeping ChromeDriver safe.
ChromeDriver was started successfully.
Aug 13, 2023 10:14:35 PM org.openqa.selenium.remote.ProtocolHandshake createSession
INFO: Detected dialect: W3C
[Test worker] ERROR net.thucydides.core.steps.ConsoleLoggingListener - 
           __  _____ _____ ____ _____   _____ _    ___ _     _____ ____  
  _       / / |_   _| ____/ ___|_   _| |  ___/ \  |_ _| |   | ____|  _ \ 
 (_)_____| |    | | |  _| \___ \ | |   | |_ / _ \  | || |   |  _| | | | |
  _|_____| |    | | | |___ ___) || |   |  _/ ___ \ | || |___| |___| |_| |
 (_)     | |    |_| |_____|____/ |_|   |_|/_/   \_\___|_____|_____|____/ 
          \_\                                                            

TEST FAILED: Login Bancolombia
--------------------------------------------------------------------------
[Test worker] ERROR net.thucydides.core.steps.ConsoleLoggingListener - TEST FAILED AT STEP User_certi home page task
[Test worker] ERROR net.thucydides.core.steps.ConsoleLoggingListener - Expected enabled element was not clickable
]]></system-err>
</testsuite>
