<?xml version="1.0" encoding="UTF-8"?><testsuite errors="1" failures="0" name="Certification" skipped="0" tests="1" time="66.15" timestamp="2023-10-30 09:11:09"><testcase name="Login Bancolombia"><error message="Cannot locate an element using xpath=//div[@class='bolt-editable-dropdown bolt-editable-dropdown-with-selection bolt-dropdown-expandable bolt-dropdown-expandable-text-field bolt-expandable-textfield']//div//input[@class='bolt-dropdown-expandable-textfield-input text-ellipsis bolt-textfield-input flex-grow bolt-textfield-input-with-suffix']&#10;For documentation on this error, please visit: https://www.seleniumhq.org/exceptions/no_such_element.html&#10;Build info: version: '3.141.59', revision: 'e82be7d358', time: '2018-11-14T08:17:03'&#10;System info: host: 'QV-3978', ip: '192.168.1.9', os.name: 'Windows 10', os.arch: 'amd64', os.version: '10.0', java.version: '1.8.0_382'&#10;Driver info: driver.version: RemoteWebDriver" type="org.openqa.selenium.NoSuchElementException">Cannot locate an element using xpath=//div[@class='bolt-editable-dropdown bolt-editable-dropdown-with-selection bolt-dropdown-expandable bolt-dropdown-expandable-text-field bolt-expandable-textfield']//div//input[@class='bolt-dropdown-expandable-textfield-input text-ellipsis bolt-textfield-input flex-grow bolt-textfield-input-with-suffix']
For documentation on this error, please visit: https://www.seleniumhq.org/exceptions/no_such_element.html
Build info: version: '3.141.59', revision: 'e82be7d358', time: '2018-11-14T08:17:03'
System info: host: 'QV-3978', ip: '192.168.1.9', os.name: 'Windows 10', os.arch: 'amd64', os.version: '10.0', java.version: '1.8.0_382'
Driver info: driver.version: RemoteWebDriver</error><system-err>Cannot locate an element using xpath=//div[@class='bolt-editable-dropdown bolt-editable-dropdown-with-selection bolt-dropdown-expandable bolt-dropdown-expandable-text-field bolt-expandable-textfield']//div//input[@class='bolt-dropdown-expandable-textfield-input text-ellipsis bolt-textfield-input flex-grow bolt-textfield-input-with-suffix']
For documentation on this error, please visit: https://www.seleniumhq.org/exceptions/no_such_element.html
Build info: version: '3.141.59', revision: 'e82be7d358', time: '2018-11-14T08:17:03'
System info: host: 'QV-3978', ip: '192.168.1.9', os.name: 'Windows 10', os.arch: 'amd64', os.version: '10.0', java.version: '1.8.0_382'
Driver info: driver.version: RemoteWebDriver&#13;
co.com.bancolombia.certification.tasks.TP.TabCheckSecurityInformationTP.performAs(TabCheckSecurityInformationTP.java:38)&#13;
co.com.bancolombia.certification.tasks.HomePageTaskTestPlan.performAs(HomePageTaskTestPlan.java:19)&#13;
co.com.bancolombia.certification.stepsdefinitions.HomeStepDefinitionTP.weFillInTheTestPlanFields(HomeStepDefinition.java:50)&#13;
cucumber.runner.Runner.runPickle(Runner.java:80)&#13;
</system-err></testcase></testsuite>